Copyright 1986-2019 Xilinx, Inc. All Rights Reserved.
--------------------------------------------------------------------------------------
| Tool Version : Vivado v.2018.3.1 (win64) Build 2489853 Tue Mar 26 04:20:25 MDT 2019
| Date         : Sat Sep 26 18:16:51 2020
| Host         : LAPTOP-8E6RLG3I running 64-bit major release  (build 9200)
| Command      : upgrade_ip
| Device       : xc7z035ffg676-2
--------------------------------------------------------------------------------------

Upgrade Log for IP 'pcie_7x_0'

1. Summary
----------

SUCCESS in the upgrade of pcie_7x_0 (xilinx.com:ip:pcie_7x:3.3) from (Rev. 3) to (Rev. 10)






Copyright 1986-2019 Xilinx, Inc. All Rights Reserved.
--------------------------------------------------------------------------------------
| Tool Version : Vivado v.2018.3.1 (win64) Build 2489853 Tue Mar 26 04:20:25 MDT 2019
| Date         : Sat Sep 26 18:16:48 2020
| Host         : LAPTOP-8E6RLG3I running 64-bit major release  (build 9200)
| Command      : upgrade_ip
| Device       : xc7z035ffg676-2
--------------------------------------------------------------------------------------

Upgrade Log for IP 'ila_rx'

1. Summary
----------

SUCCESS in the upgrade of ila_rx (xilinx.com:ip:ila:6.2) from (Rev. 1) to (Rev. 8)






Copyright 1986-2019 Xilinx, Inc. All Rights Reserved.
--------------------------------------------------------------------------------------
| Tool Version : Vivado v.2018.3.1 (win64) Build 2489853 Tue Mar 26 04:20:25 MDT 2019
| Date         : Sat Sep 26 18:16:22 2020
| Host         : LAPTOP-8E6RLG3I running 64-bit major release  (build 9200)
| Command      : upgrade_ip
| Device       : xc7z035ffg676-2
--------------------------------------------------------------------------------------

Upgrade Log for IP 'ila_0'

1. Summary
----------

SUCCESS in the upgrade of ila_0 (xilinx.com:ip:ila:6.2) from (Rev. 1) to (Rev. 8)






Copyright 1986-2016 Xilinx, Inc. All Rights Reserved.
------------------------------------------------------------------------------------
| Tool Version : Vivado v.2016.4 (win64) Build 1733598 Wed Dec 14 22:35:39 MST 2016
| Date         : Mon Dec 04 00:05:21 2017
| Host         : DESKTOP-NK9IJDR running 64-bit major release  (build 9200)
| Command      : upgrade_ip
| Device       : xc7z035ffg676-2
------------------------------------------------------------------------------------

Upgrade Log for IP 'pcie_7x_0'

1. Summary
----------

SUCCESS in the update of pcie_7x_0 (xilinx.com:ip:pcie_7x:3.3 (Rev. 3)) to current project options.






Copyright 1986-2016 Xilinx, Inc. All Rights Reserved.
------------------------------------------------------------------------------------
| Tool Version : Vivado v.2016.4 (win64) Build 1733598 Wed Dec 14 22:35:39 MST 2016
| Date         : Mon Dec 04 00:05:20 2017
| Host         : DESKTOP-NK9IJDR running 64-bit major release  (build 9200)
| Command      : upgrade_ip
| Device       : xc7z035ffg676-2
------------------------------------------------------------------------------------

Upgrade Log for IP 'ila_rx'

1. Summary
----------

SUCCESS in the update of ila_rx (xilinx.com:ip:ila:6.2 (Rev. 1)) to current project options.






Copyright 1986-2016 Xilinx, Inc. All Rights Reserved.
------------------------------------------------------------------------------------
| Tool Version : Vivado v.2016.4 (win64) Build 1733598 Wed Dec 14 22:35:39 MST 2016
| Date         : Mon Dec 04 00:04:47 2017
| Host         : DESKTOP-NK9IJDR running 64-bit major release  (build 9200)
| Command      : upgrade_ip
| Device       : xc7z035ffg676-2
------------------------------------------------------------------------------------

Upgrade Log for IP 'ila_0'

1. Summary
----------

SUCCESS in the update of ila_0 (xilinx.com:ip:ila:6.2 (Rev. 1)) to current project options.

