INFO: [VRFC 10-2263] Analyzing Verilog file "g:/BaiduNetdiskDownload/A702/S02_CH06_PCIE_PIO/pcie_7x_0_ex/imports/EP_MEM.v" into library xil_defaultlib
INFO: [VRFC 10-311] analyzing module EP_MEM
INFO: [VRFC 10-2263] Analyzing Verilog file "g:/BaiduNetdiskDownload/A702/S02_CH06_PCIE_PIO/pcie_7x_0_ex/pcie_7x_0_ex.srcs/sources_1/ip/ila_0/sim/ila_0.v" into library xil_defaultlib
INFO: [VRFC 10-311] analyzing module ila_0
INFO: [VRFC 10-2263] Analyzing Verilog file "g:/BaiduNetdiskDownload/A702/S02_CH06_PCIE_PIO/pcie_7x_0_ex/pcie_7x_0_ex.srcs/sources_1/ip/ila_rx/sim/ila_rx.v" into library xil_defaultlib
INFO: [VRFC 10-311] analyzing module ila_rx
INFO: [VRFC 10-2263] Analyzing Verilog file "g:/BaiduNetdiskDownload/A702/S02_CH06_PCIE_PIO/pcie_7x_0_ex/imports/PIO_EP_MEM_ACCESS.v" into library xil_defaultlib
INFO: [VRFC 10-311] analyzing module PIO_EP_MEM_ACCESS
INFO: [VRFC 10-2263] Analyzing Verilog file "g:/BaiduNetdiskDownload/A702/S02_CH06_PCIE_PIO/pcie_7x_0_ex/imports/PIO_RX_ENGINE.v" into library xil_defaultlib
INFO: [VRFC 10-311] analyzing module PIO_RX_ENGINE
INFO: [VRFC 10-2458] undeclared symbol in_packet_q, assumed default net type wire [g:/BaiduNetdiskDownload/A702/S02_CH06_PCIE_PIO/pcie_7x_0_ex/imports/PIO_RX_ENGINE.v:1107]
INFO: [VRFC 10-2263] Analyzing Verilog file "g:/BaiduNetdiskDownload/A702/S02_CH06_PCIE_PIO/pcie_7x_0_ex/imports/PIO_TX_ENGINE.v" into library xil_defaultlib
INFO: [VRFC 10-311] analyzing module PIO_TX_ENGINE
INFO: [VRFC 10-2263] Analyzing Verilog file "g:/BaiduNetdiskDownload/A702/S02_CH06_PCIE_PIO/pcie_7x_0_ex/imports/PIO_EP.v" into library xil_defaultlib
INFO: [VRFC 10-311] analyzing module PIO_EP
INFO: [VRFC 10-2263] Analyzing Verilog file "g:/BaiduNetdiskDownload/A702/S02_CH06_PCIE_PIO/pcie_7x_0_ex/imports/PIO_TO_CTRL.v" into library xil_defaultlib
INFO: [VRFC 10-311] analyzing module PIO_TO_CTRL
INFO: [VRFC 10-2263] Analyzing Verilog file "g:/BaiduNetdiskDownload/A702/S02_CH06_PCIE_PIO/pcie_7x_0_ex/pcie_7x_0_ex.srcs/sources_1/ip/pcie_7x_0/source/pcie_7x_0_pipe_eq.v" into library xil_defaultlib
INFO: [VRFC 10-311] analyzing module pcie_7x_0_pipe_eq
INFO: [VRFC 10-2263] Analyzing Verilog file "g:/BaiduNetdiskDownload/A702/S02_CH06_PCIE_PIO/pcie_7x_0_ex/pcie_7x_0_ex.srcs/sources_1/ip/pcie_7x_0/source/pcie_7x_0_pipe_drp.v" into library xil_defaultlib
INFO: [VRFC 10-311] analyzing module pcie_7x_0_pipe_drp
INFO: [VRFC 10-2263] Analyzing Verilog file "g:/BaiduNetdiskDownload/A702/S02_CH06_PCIE_PIO/pcie_7x_0_ex/pcie_7x_0_ex.srcs/sources_1/ip/pcie_7x_0/source/pcie_7x_0_pipe_rate.v" into library xil_defaultlib
INFO: [VRFC 10-311] analyzing module pcie_7x_0_pipe_rate
INFO: [VRFC 10-2263] Analyzing Verilog file "g:/BaiduNetdiskDownload/A702/S02_CH06_PCIE_PIO/pcie_7x_0_ex/pcie_7x_0_ex.srcs/sources_1/ip/pcie_7x_0/source/pcie_7x_0_pipe_reset.v" into library xil_defaultlib
INFO: [VRFC 10-311] analyzing module pcie_7x_0_pipe_reset
INFO: [VRFC 10-2263] Analyzing Verilog file "g:/BaiduNetdiskDownload/A702/S02_CH06_PCIE_PIO/pcie_7x_0_ex/pcie_7x_0_ex.srcs/sources_1/ip/pcie_7x_0/source/pcie_7x_0_pipe_sync.v" into library xil_defaultlib
INFO: [VRFC 10-311] analyzing module pcie_7x_0_pipe_sync
INFO: [VRFC 10-2263] Analyzing Verilog file "g:/BaiduNetdiskDownload/A702/S02_CH06_PCIE_PIO/pcie_7x_0_ex/pcie_7x_0_ex.srcs/sources_1/ip/pcie_7x_0/source/pcie_7x_0_gtp_pipe_rate.v" into library xil_defaultlib
INFO: [VRFC 10-311] analyzing module pcie_7x_0_gtp_pipe_rate
INFO: [VRFC 10-2263] Analyzing Verilog file "g:/BaiduNetdiskDownload/A702/S02_CH06_PCIE_PIO/pcie_7x_0_ex/pcie_7x_0_ex.srcs/sources_1/ip/pcie_7x_0/source/pcie_7x_0_gtp_pipe_drp.v" into library xil_defaultlib
INFO: [VRFC 10-311] analyzing module pcie_7x_0_gtp_pipe_drp
INFO: [VRFC 10-2263] Analyzing Verilog file "g:/BaiduNetdiskDownload/A702/S02_CH06_PCIE_PIO/pcie_7x_0_ex/pcie_7x_0_ex.srcs/sources_1/ip/pcie_7x_0/source/pcie_7x_0_gtp_pipe_reset.v" into library xil_defaultlib
INFO: [VRFC 10-311] analyzing module pcie_7x_0_gtp_pipe_reset
INFO: [VRFC 10-2263] Analyzing Verilog file "g:/BaiduNetdiskDownload/A702/S02_CH06_PCIE_PIO/pcie_7x_0_ex/pcie_7x_0_ex.srcs/sources_1/ip/pcie_7x_0/source/pcie_7x_0_pipe_user.v" into library xil_defaultlib
INFO: [VRFC 10-311] analyzing module pcie_7x_0_pipe_user
INFO: [VRFC 10-2263] Analyzing Verilog file "g:/BaiduNetdiskDownload/A702/S02_CH06_PCIE_PIO/pcie_7x_0_ex/pcie_7x_0_ex.srcs/sources_1/ip/pcie_7x_0/source/pcie_7x_0_pipe_wrapper.v" into library xil_defaultlib
INFO: [VRFC 10-311] analyzing module pcie_7x_0_pipe_wrapper
INFO: [VRFC 10-2263] Analyzing Verilog file "g:/BaiduNetdiskDownload/A702/S02_CH06_PCIE_PIO/pcie_7x_0_ex/pcie_7x_0_ex.srcs/sources_1/ip/pcie_7x_0/source/pcie_7x_0_qpll_drp.v" into library xil_defaultlib
INFO: [VRFC 10-311] analyzing module pcie_7x_0_qpll_drp
INFO: [VRFC 10-2263] Analyzing Verilog file "g:/BaiduNetdiskDownload/A702/S02_CH06_PCIE_PIO/pcie_7x_0_ex/pcie_7x_0_ex.srcs/sources_1/ip/pcie_7x_0/source/pcie_7x_0_qpll_reset.v" into library xil_defaultlib
INFO: [VRFC 10-311] analyzing module pcie_7x_0_qpll_reset
INFO: [VRFC 10-2263] Analyzing Verilog file "g:/BaiduNetdiskDownload/A702/S02_CH06_PCIE_PIO/pcie_7x_0_ex/pcie_7x_0_ex.srcs/sources_1/ip/pcie_7x_0/source/pcie_7x_0_qpll_wrapper.v" into library xil_defaultlib
INFO: [VRFC 10-311] analyzing module pcie_7x_0_qpll_wrapper
INFO: [VRFC 10-2263] Analyzing Verilog file "g:/BaiduNetdiskDownload/A702/S02_CH06_PCIE_PIO/pcie_7x_0_ex/pcie_7x_0_ex.srcs/sources_1/ip/pcie_7x_0/source/pcie_7x_0_rxeq_scan.v" into library xil_defaultlib
INFO: [VRFC 10-311] analyzing module pcie_7x_0_rxeq_scan
INFO: [VRFC 10-2263] Analyzing Verilog file "g:/BaiduNetdiskDownload/A702/S02_CH06_PCIE_PIO/pcie_7x_0_ex/pcie_7x_0_ex.srcs/sources_1/ip/pcie_7x_0/source/pcie_7x_0_pcie_top.v" into library xil_defaultlib
INFO: [VRFC 10-311] analyzing module pcie_7x_0_pcie_top
INFO: [VRFC 10-2263] Analyzing Verilog file "g:/BaiduNetdiskDownload/A702/S02_CH06_PCIE_PIO/pcie_7x_0_ex/pcie_7x_0_ex.srcs/sources_1/ip/pcie_7x_0/source/pcie_7x_0_core_top.v" into library xil_defaultlib
INFO: [VRFC 10-311] analyzing module pcie_7x_0_core_top
INFO: [VRFC 10-2263] Analyzing Verilog file "g:/BaiduNetdiskDownload/A702/S02_CH06_PCIE_PIO/pcie_7x_0_ex/pcie_7x_0_ex.srcs/sources_1/ip/pcie_7x_0/source/pcie_7x_0_axi_basic_rx_null_gen.v" into library xil_defaultlib
INFO: [VRFC 10-311] analyzing module pcie_7x_0_axi_basic_rx_null_gen
INFO: [VRFC 10-2263] Analyzing Verilog file "g:/BaiduNetdiskDownload/A702/S02_CH06_PCIE_PIO/pcie_7x_0_ex/pcie_7x_0_ex.srcs/sources_1/ip/pcie_7x_0/source/pcie_7x_0_axi_basic_rx_pipeline.v" into library xil_defaultlib
INFO: [VRFC 10-311] analyzing module pcie_7x_0_axi_basic_rx_pipeline
INFO: [VRFC 10-2263] Analyzing Verilog file "g:/BaiduNetdiskDownload/A702/S02_CH06_PCIE_PIO/pcie_7x_0_ex/pcie_7x_0_ex.srcs/sources_1/ip/pcie_7x_0/source/pcie_7x_0_axi_basic_rx.v" into library xil_defaultlib
INFO: [VRFC 10-311] analyzing module pcie_7x_0_axi_basic_rx
INFO: [VRFC 10-2263] Analyzing Verilog file "g:/BaiduNetdiskDownload/A702/S02_CH06_PCIE_PIO/pcie_7x_0_ex/pcie_7x_0_ex.srcs/sources_1/ip/pcie_7x_0/source/pcie_7x_0_axi_basic_top.v" into library xil_defaultlib
INFO: [VRFC 10-311] analyzing module pcie_7x_0_axi_basic_top
INFO: [VRFC 10-2263] Analyzing Verilog file "g:/BaiduNetdiskDownload/A702/S02_CH06_PCIE_PIO/pcie_7x_0_ex/pcie_7x_0_ex.srcs/sources_1/ip/pcie_7x_0/source/pcie_7x_0_axi_basic_tx_pipeline.v" into library xil_defaultlib
INFO: [VRFC 10-311] analyzing module pcie_7x_0_axi_basic_tx_pipeline
INFO: [VRFC 10-2263] Analyzing Verilog file "g:/BaiduNetdiskDownload/A702/S02_CH06_PCIE_PIO/pcie_7x_0_ex/pcie_7x_0_ex.srcs/sources_1/ip/pcie_7x_0/source/pcie_7x_0_axi_basic_tx_thrtl_ctl.v" into library xil_defaultlib
INFO: [VRFC 10-311] analyzing module pcie_7x_0_axi_basic_tx_thrtl_ctl
INFO: [VRFC 10-2263] Analyzing Verilog file "g:/BaiduNetdiskDownload/A702/S02_CH06_PCIE_PIO/pcie_7x_0_ex/pcie_7x_0_ex.srcs/sources_1/ip/pcie_7x_0/source/pcie_7x_0_axi_basic_tx.v" into library xil_defaultlib
INFO: [VRFC 10-311] analyzing module pcie_7x_0_axi_basic_tx
INFO: [VRFC 10-2263] Analyzing Verilog file "g:/BaiduNetdiskDownload/A702/S02_CH06_PCIE_PIO/pcie_7x_0_ex/pcie_7x_0_ex.srcs/sources_1/ip/pcie_7x_0/source/pcie_7x_0_pcie_7x.v" into library xil_defaultlib
INFO: [VRFC 10-311] analyzing module pcie_7x_0_pcie_7x
INFO: [VRFC 10-2263] Analyzing Verilog file "g:/BaiduNetdiskDownload/A702/S02_CH06_PCIE_PIO/pcie_7x_0_ex/pcie_7x_0_ex.srcs/sources_1/ip/pcie_7x_0/source/pcie_7x_0_pcie_bram_7x.v" into library xil_defaultlib
INFO: [VRFC 10-311] analyzing module pcie_7x_0_pcie_bram_7x
INFO: [VRFC 10-2263] Analyzing Verilog file "g:/BaiduNetdiskDownload/A702/S02_CH06_PCIE_PIO/pcie_7x_0_ex/pcie_7x_0_ex.srcs/sources_1/ip/pcie_7x_0/source/pcie_7x_0_pcie_bram_top_7x.v" into library xil_defaultlib
INFO: [VRFC 10-311] analyzing module pcie_7x_0_pcie_bram_top_7x
INFO: [VRFC 10-2263] Analyzing Verilog file "g:/BaiduNetdiskDownload/A702/S02_CH06_PCIE_PIO/pcie_7x_0_ex/pcie_7x_0_ex.srcs/sources_1/ip/pcie_7x_0/source/pcie_7x_0_pcie_brams_7x.v" into library xil_defaultlib
INFO: [VRFC 10-311] analyzing module pcie_7x_0_pcie_brams_7x
INFO: [VRFC 10-2263] Analyzing Verilog file "g:/BaiduNetdiskDownload/A702/S02_CH06_PCIE_PIO/pcie_7x_0_ex/pcie_7x_0_ex.srcs/sources_1/ip/pcie_7x_0/source/pcie_7x_0_pcie_pipe_lane.v" into library xil_defaultlib
INFO: [VRFC 10-311] analyzing module pcie_7x_0_pcie_pipe_lane
INFO: [VRFC 10-2263] Analyzing Verilog file "g:/BaiduNetdiskDownload/A702/S02_CH06_PCIE_PIO/pcie_7x_0_ex/pcie_7x_0_ex.srcs/sources_1/ip/pcie_7x_0/source/pcie_7x_0_pcie_pipe_misc.v" into library xil_defaultlib
INFO: [VRFC 10-311] analyzing module pcie_7x_0_pcie_pipe_misc
INFO: [VRFC 10-2263] Analyzing Verilog file "g:/BaiduNetdiskDownload/A702/S02_CH06_PCIE_PIO/pcie_7x_0_ex/pcie_7x_0_ex.srcs/sources_1/ip/pcie_7x_0/source/pcie_7x_0_pcie_pipe_pipeline.v" into library xil_defaultlib
INFO: [VRFC 10-311] analyzing module pcie_7x_0_pcie_pipe_pipeline
INFO: [VRFC 10-2263] Analyzing Verilog file "g:/BaiduNetdiskDownload/A702/S02_CH06_PCIE_PIO/pcie_7x_0_ex/pcie_7x_0_ex.srcs/sources_1/ip/pcie_7x_0/source/pcie_7x_0_gt_top.v" into library xil_defaultlib
INFO: [VRFC 10-311] analyzing module pcie_7x_0_gt_top
INFO: [VRFC 10-2263] Analyzing Verilog file "g:/BaiduNetdiskDownload/A702/S02_CH06_PCIE_PIO/pcie_7x_0_ex/pcie_7x_0_ex.srcs/sources_1/ip/pcie_7x_0/source/pcie_7x_0_gt_common.v" into library xil_defaultlib
INFO: [VRFC 10-311] analyzing module pcie_7x_0_gt_common
INFO: [VRFC 10-2263] Analyzing Verilog file "g:/BaiduNetdiskDownload/A702/S02_CH06_PCIE_PIO/pcie_7x_0_ex/pcie_7x_0_ex.srcs/sources_1/ip/pcie_7x_0/source/pcie_7x_0_gtp_cpllpd_ovrd.v" into library xil_defaultlib
INFO: [VRFC 10-311] analyzing module pcie_7x_0_gtp_cpllpd_ovrd
INFO: [VRFC 10-2263] Analyzing Verilog file "g:/BaiduNetdiskDownload/A702/S02_CH06_PCIE_PIO/pcie_7x_0_ex/pcie_7x_0_ex.srcs/sources_1/ip/pcie_7x_0/source/pcie_7x_0_gtx_cpllpd_ovrd.v" into library xil_defaultlib
INFO: [VRFC 10-311] analyzing module pcie_7x_0_gtx_cpllpd_ovrd
INFO: [VRFC 10-2263] Analyzing Verilog file "g:/BaiduNetdiskDownload/A702/S02_CH06_PCIE_PIO/pcie_7x_0_ex/pcie_7x_0_ex.srcs/sources_1/ip/pcie_7x_0/source/pcie_7x_0_gt_rx_valid_filter_7x.v" into library xil_defaultlib
INFO: [VRFC 10-311] analyzing module pcie_7x_0_gt_rx_valid_filter_7x
INFO: [VRFC 10-2263] Analyzing Verilog file "g:/BaiduNetdiskDownload/A702/S02_CH06_PCIE_PIO/pcie_7x_0_ex/pcie_7x_0_ex.srcs/sources_1/ip/pcie_7x_0/source/pcie_7x_0_gt_wrapper.v" into library xil_defaultlib
INFO: [VRFC 10-311] analyzing module pcie_7x_0_gt_wrapper
INFO: [VRFC 10-2263] Analyzing Verilog file "g:/BaiduNetdiskDownload/A702/S02_CH06_PCIE_PIO/pcie_7x_0_ex/pcie_7x_0_ex.srcs/sources_1/ip/pcie_7x_0/source/pcie_7x_0_pcie2_top.v" into library xil_defaultlib
INFO: [VRFC 10-311] analyzing module pcie_7x_0_pcie2_top
INFO: [VRFC 10-2263] Analyzing Verilog file "g:/BaiduNetdiskDownload/A702/S02_CH06_PCIE_PIO/pcie_7x_0_ex/pcie_7x_0_ex.srcs/sources_1/ip/pcie_7x_0/sim/pcie_7x_0.v" into library xil_defaultlib
INFO: [VRFC 10-311] analyzing module pcie_7x_0
INFO: [VRFC 10-2263] Analyzing Verilog file "g:/BaiduNetdiskDownload/A702/S02_CH06_PCIE_PIO/pcie_7x_0_ex/imports/PIO.v" into library xil_defaultlib
INFO: [VRFC 10-311] analyzing module PIO
INFO: [VRFC 10-2263] Analyzing Verilog file "g:/BaiduNetdiskDownload/A702/S02_CH06_PCIE_PIO/pcie_7x_0_ex/imports/pcie_7x_0_pipe_clock.v" into library xil_defaultlib
INFO: [VRFC 10-311] analyzing module pcie_7x_0_pipe_clock
INFO: [VRFC 10-2263] Analyzing Verilog file "g:/BaiduNetdiskDownload/A702/S02_CH06_PCIE_PIO/pcie_7x_0_ex/imports/pcie_app_7x.v" into library xil_defaultlib
INFO: [VRFC 10-311] analyzing module pcie_app_7x
INFO: [VRFC 10-2263] Analyzing Verilog file "g:/BaiduNetdiskDownload/A702/S02_CH06_PCIE_PIO/pcie_7x_0_ex/imports/pcie_7x_0_support.v" into library xil_defaultlib
INFO: [VRFC 10-311] analyzing module pcie_7x_0_support
INFO: [VRFC 10-2263] Analyzing Verilog file "g:/BaiduNetdiskDownload/A702/S02_CH06_PCIE_PIO/pcie_7x_0_ex/imports/pci_exp_usrapp_cfg.v" into library xil_defaultlib
INFO: [VRFC 10-311] analyzing module pci_exp_usrapp_cfg
INFO: [VRFC 10-2263] Analyzing Verilog file "g:/BaiduNetdiskDownload/A702/S02_CH06_PCIE_PIO/pcie_7x_0_ex/imports/pci_exp_usrapp_com.v" into library xil_defaultlib
INFO: [VRFC 10-311] analyzing module pci_exp_usrapp_com
INFO: [VRFC 10-2263] Analyzing Verilog file "g:/BaiduNetdiskDownload/A702/S02_CH06_PCIE_PIO/pcie_7x_0_ex/imports/pci_exp_usrapp_pl.v" into library xil_defaultlib
INFO: [VRFC 10-311] analyzing module pci_exp_usrapp_pl
INFO: [VRFC 10-2263] Analyzing Verilog file "g:/BaiduNetdiskDownload/A702/S02_CH06_PCIE_PIO/pcie_7x_0_ex/imports/pci_exp_usrapp_rx.v" into library xil_defaultlib
INFO: [VRFC 10-311] analyzing module pci_exp_usrapp_rx
INFO: [VRFC 10-2263] Analyzing Verilog file "g:/BaiduNetdiskDownload/A702/S02_CH06_PCIE_PIO/pcie_7x_0_ex/imports/pci_exp_usrapp_tx.v" into library xil_defaultlib
INFO: [VRFC 10-311] analyzing module pci_exp_usrapp_tx
INFO: [VRFC 10-2263] Analyzing Verilog file "g:/BaiduNetdiskDownload/A702/S02_CH06_PCIE_PIO/pcie_7x_0_ex/imports/sys_clk_gen.v" into library xil_defaultlib
INFO: [VRFC 10-311] analyzing module sys_clk_gen
INFO: [VRFC 10-2263] Analyzing Verilog file "g:/BaiduNetdiskDownload/A702/S02_CH06_PCIE_PIO/pcie_7x_0_ex/imports/pcie_axi_trn_bridge.v" into library xil_defaultlib
INFO: [VRFC 10-311] analyzing module pcie_axi_trn_bridge
INFO: [VRFC 10-2263] Analyzing Verilog file "g:/BaiduNetdiskDownload/A702/S02_CH06_PCIE_PIO/pcie_7x_0_ex/imports/pcie_2_1_rport_7x.v" into library xil_defaultlib
INFO: [VRFC 10-311] analyzing module pcie_2_1_rport_7x
INFO: [VRFC 10-311] analyzing module rp_axi_basic_rx_null_gen
INFO: [VRFC 10-311] analyzing module rp_axi_basic_rx_pipeline
INFO: [VRFC 10-311] analyzing module rp_axi_basic_rx
INFO: [VRFC 10-311] analyzing module rp_axi_basic_top
INFO: [VRFC 10-311] analyzing module rp_axi_basic_tx_pipeline
INFO: [VRFC 10-311] analyzing module rp_axi_basic_tx_thrtl_ctl
INFO: [VRFC 10-311] analyzing module rp_axi_basic_tx
INFO: [VRFC 10-311] analyzing module rp_core_top
INFO: [VRFC 10-311] analyzing module rp_gt_common
INFO: [VRFC 10-311] analyzing module rp_gtp_cpllpd_ovrd
INFO: [VRFC 10-311] analyzing module rp_gtp_pipe_drp
INFO: [VRFC 10-311] analyzing module rp_gtp_pipe_rate
INFO: [VRFC 10-311] analyzing module rp_gtp_pipe_reset
INFO: [VRFC 10-311] analyzing module rp_gt_rx_valid_filter_7x
INFO: [VRFC 10-311] analyzing module rp_gt_top
INFO: [VRFC 10-311] analyzing module rp_gt_wrapper
INFO: [VRFC 10-311] analyzing module rp_gtx_cpllpd_ovrd
INFO: [VRFC 10-311] analyzing module rp_pcie2_top
INFO: [VRFC 10-311] analyzing module rp_pcie_7x
INFO: [VRFC 10-311] analyzing module rp_pcie_bram_7x
INFO: [VRFC 10-311] analyzing module rp_pcie_brams_7x
INFO: [VRFC 10-311] analyzing module rp_pcie_bram_top_7x
INFO: [VRFC 10-311] analyzing module rp_pcie_pipe_lane
INFO: [VRFC 10-311] analyzing module rp_pcie_pipe_misc
INFO: [VRFC 10-311] analyzing module rp_pcie_pipe_pipeline
INFO: [VRFC 10-311] analyzing module rp_pcie_top
INFO: [VRFC 10-311] analyzing module rp_pipe_clock
INFO: [VRFC 10-311] analyzing module rp_pipe_drp
INFO: [VRFC 10-311] analyzing module rp_pipe_eq
INFO: [VRFC 10-311] analyzing module rp_pipe_rate
INFO: [VRFC 10-311] analyzing module rp_pipe_reset
INFO: [VRFC 10-311] analyzing module rp_pipe_sync
INFO: [VRFC 10-311] analyzing module rp_pipe_user
INFO: [VRFC 10-311] analyzing module rp_pipe_wrapper
INFO: [VRFC 10-311] analyzing module rp_qpll_drp
INFO: [VRFC 10-311] analyzing module rp_qpll_reset
INFO: [VRFC 10-311] analyzing module rp_qpll_wrapper
INFO: [VRFC 10-311] analyzing module rp_rxeq_scan
INFO: [VRFC 10-311] analyzing module rp_BRAM_SDP_MACRO
INFO: [VRFC 10-311] analyzing module rp_BRAM_TDP_MACRO
INFO: [VRFC 10-2263] Analyzing Verilog file "g:/BaiduNetdiskDownload/A702/S02_CH06_PCIE_PIO/pcie_7x_0_ex/imports/xilinx_pcie_2_1_ep_7x.v" into library xil_defaultlib
INFO: [VRFC 10-311] analyzing module xilinx_pcie_2_1_ep_7x
INFO: [VRFC 10-2263] Analyzing Verilog file "g:/BaiduNetdiskDownload/A702/S02_CH06_PCIE_PIO/pcie_7x_0_ex/imports/sys_clk_gen_ds.v" into library xil_defaultlib
INFO: [VRFC 10-311] analyzing module sys_clk_gen_ds
INFO: [VRFC 10-2263] Analyzing Verilog file "g:/BaiduNetdiskDownload/A702/S02_CH06_PCIE_PIO/pcie_7x_0_ex/imports/xilinx_pcie_2_1_rport_7x.v" into library xil_defaultlib
INFO: [VRFC 10-311] analyzing module xilinx_pcie_2_1_rport_7x
INFO: [VRFC 10-2263] Analyzing Verilog file "g:/BaiduNetdiskDownload/A702/S02_CH06_PCIE_PIO/pcie_7x_0_ex/imports/board.v" into library xil_defaultlib
INFO: [VRFC 10-311] analyzing module board
INFO: [VRFC 10-2263] Analyzing Verilog file "g:/BaiduNetdiskDownload/A702/S02_CH06_PCIE_PIO/pcie_7x_0_ex/pcie_7x_0_ex.sim/sim_1/behav/glbl.v" into library xil_defaultlib
INFO: [VRFC 10-311] analyzing module glbl
