#-----------------------------------------------------------
# Webtalk v2018.3.1 (64-bit)
# SW Build 2489853 on Tue Mar 26 04:20:25 MDT 2019
# 
# Start of session at: Sun Aug 30 04:07:45 2020
# Process ID: 11772
# Current directory: F:/FILE/FPGA/ZYNQ/PCIe/00_AXI_Lite_User_GPIO/sys/sys.sdk/webtalk
# Command line: wbtcv.exe -mode batch -source sdk_webtalk.tcl
# Log file: F:/FILE/FPGA/ZYNQ/PCIe/00_AXI_Lite_User_GPIO/sys/sys.sdk/webtalk/webtalk.log
# Journal file: F:/FILE/FPGA/ZYNQ/PCIe/00_AXI_Lite_User_GPIO/sys/sys.sdk/webtalk\webtalk.jou
#-----------------------------------------------------------
source sdk_webtalk.tcl
# webtalk_init -webtalk_dir F:\\FILE\\FPGA\\ZYNQ\\PCIe\\00_AXI_Lite_User_GPIO\\sys\\sys.sdk\\webtalk
# webtalk_register_client -client project
# webtalk_add_data -client project -key date_generated -value "2020-08-30 04:07:42" -context "software_version_and_target_device"
# webtalk_add_data -client project -key product_version -value "SDK v2018.3" -context "software_version_and_target_device"
# webtalk_add_data -client project -key build_version -value "2018.3" -context "software_version_and_target_device"
# webtalk_add_data -client project -key os_platform -value "amd64" -context "software_version_and_target_device"
# webtalk_add_data -client project -key registration_id -value "" -context "software_version_and_target_device"
# webtalk_add_data -client project -key tool_flow -value "SDK" -context "software_version_and_target_device"
# webtalk_add_data -client project -key beta -value "false" -context "software_version_and_target_device"
# webtalk_add_data -client project -key route_design -value "NA" -context "software_version_and_target_device"
# webtalk_add_data -client project -key target_family -value "NA" -context "software_version_and_target_device"
# webtalk_add_data -client project -key target_device -value "NA" -context "software_version_and_target_device"
# webtalk_add_data -client project -key target_package -value "NA" -context "software_version_and_target_device"
# webtalk_add_data -client project -key target_speed -value "NA" -context "software_version_and_target_device"
# webtalk_add_data -client project -key random_id -value "v05t13l2abkl5rvhn0d41ggb4f" -context "software_version_and_target_device"
# webtalk_add_data -client project -key project_id -value "2018.3_10" -context "software_version_and_target_device"
# webtalk_add_data -client project -key project_iteration -value "10" -context "software_version_and_target_device"
# webtalk_add_data -client project -key os_name -value "Microsoft Windows 8 or later , 64-bit" -context "user_environment"
# webtalk_add_data -client project -key os_release -value "major release  (build 9200)" -context "user_environment"
# webtalk_add_data -client project -key cpu_name -value "Intel(R) Core(TM) i7-8750H CPU @ 2.20GHz" -context "user_environment"
# webtalk_add_data -client project -key cpu_speed -value "2208 MHz" -context "user_environment"
# webtalk_add_data -client project -key total_processors -value "1" -context "user_environment"
# webtalk_add_data -client project -key system_ram -value "17.047 GB" -context "user_environment"
# webtalk_register_client -client sdk
# webtalk_add_data -client sdk -key uid -value "1598728970787" -context "sdk\\\\hardware/1598728970787"
# webtalk_add_data -client sdk -key isZynq -value "true" -context "sdk\\\\hardware/1598728970787"
# webtalk_add_data -client sdk -key isZynqMP -value "false" -context "sdk\\\\hardware/1598728970787"
# webtalk_add_data -client sdk -key Processors -value "2" -context "sdk\\\\hardware/1598728970787"
# webtalk_add_data -client sdk -key VivadoVersion -value "2018.3.1" -context "sdk\\\\hardware/1598728970787"
# webtalk_add_data -client sdk -key Arch -value "zynq" -context "sdk\\\\hardware/1598728970787"
# webtalk_add_data -client sdk -key Device -value "7z035" -context "sdk\\\\hardware/1598728970787"
# webtalk_add_data -client sdk -key IsHandoff -value "true" -context "sdk\\\\hardware/1598728970787"
# webtalk_add_data -client sdk -key os -value "NA" -context "sdk\\\\hardware/1598728970787"
# webtalk_add_data -client sdk -key apptemplate -value "NA" -context "sdk\\\\hardware/1598728970787"
# webtalk_add_data -client sdk -key RecordType -value "HWCreation" -context "sdk\\\\hardware/1598728970787"
# webtalk_add_data -client sdk -key uid -value "NA" -context "sdk\\\\bsp/1598731662275"
# webtalk_add_data -client sdk -key RecordType -value "ToolUsage" -context "sdk\\\\bsp/1598731662275"
# webtalk_add_data -client sdk -key BootgenCount -value "0" -context "sdk\\\\bsp/1598731662275"
# webtalk_add_data -client sdk -key DebugCount -value "2" -context "sdk\\\\bsp/1598731662275"
# webtalk_add_data -client sdk -key PerfCount -value "0" -context "sdk\\\\bsp/1598731662275"
# webtalk_add_data -client sdk -key FlashCount -value "0" -context "sdk\\\\bsp/1598731662275"
# webtalk_add_data -client sdk -key CrossTriggCount -value "0" -context "sdk\\\\bsp/1598731662275"
# webtalk_add_data -client sdk -key QemuDebugCount -value "0" -context "sdk\\\\bsp/1598731662275"
# webtalk_transmit -clientid 3111568764 -regid "" -xml F:\\FILE\\FPGA\\ZYNQ\\PCIe\\00_AXI_Lite_User_GPIO\\sys\\sys.sdk\\webtalk\\usage_statistics_ext_sdk.xml -html F:\\FILE\\FPGA\\ZYNQ\\PCIe\\00_AXI_Lite_User_GPIO\\sys\\sys.sdk\\webtalk\\usage_statistics_ext_sdk.html -wdm F:\\FILE\\FPGA\\ZYNQ\\PCIe\\00_AXI_Lite_User_GPIO\\sys\\sys.sdk\\webtalk\\sdk_webtalk.wdm -intro "<H3>SDK Usage Report</H3><BR>"
# webtalk_terminate
INFO: [Common 17-206] Exiting Webtalk at Sun Aug 30 04:07:50 2020...
